<package>
  <description breif="genmsg test for roseus">genmsg test for roseus</description>
  <author>Kei Okada (k-okada@jsk.t.u-tokyo.ac.jp)</author>

  <license>BSD</license>

  <depend package="roseus"/>
  <depend package="roscpp"/>
  <depend package="roseus_test_genmsg" />
</package>
